This file contains any messages produced by compilers while
running configure, to aid debugging if configure makes a mistake.

It was created by configure, which was
generated by GNU Autoconf 2.69.  Invocation command line was

  $ ./configure 

## --------- ##
## Platform. ##
## --------- ##

hostname = degrande-laptop-localdomain
uname -m = x86_64
uname -r = 6.16.9-200.fc42.x86_64
uname -s = Linux
uname -v = #1 SMP PREEMPT_DYNAMIC Thu Sep 25 18:05:50 UTC 2025

/usr/bin/uname -p = unknown
/bin/uname -X     = unknown

/bin/arch              = x86_64
/usr/bin/arch -k       = unknown
/usr/convex/getsysinfo = unknown
/usr/bin/hostinfo      = unknown
/bin/machine           = unknown
/usr/bin/oslevel       = unknown
/bin/universe          = unknown

PATH: /home/guest/Downloads/mubashir´s project/omnetpp-6.0/bin
PATH: /home/guest/sumo-build/sumo-1.11.0/bin
PATH: /home/guest/Downloads/4F90/omnetpp-6.0/bin
PATH: /home/guest/sumo-build/sumo-1.11.0/bin
PATH: /home/guest/.local/bin
PATH: /home/guest/bin
PATH: /usr/share/Modules/bin
PATH: /usr/local/sbin
PATH: /usr/local/bin
PATH: /usr/sbin
PATH: /usr/bin
PATH: /var/lib/snapd/snap/bin
PATH: /opt/jdk-13/bin
PATH: /opt/jdk-13/bin


## ----------- ##
## Core tests. ##
## ----------- ##

configure:2041: error: Before running 'configure', please use 'source setenv' to set up your environment.

## ---------------- ##
## Cache variables. ##
## ---------------- ##

ac_cv_env_CCC_set=
ac_cv_env_CCC_value=
ac_cv_env_CC_set=
ac_cv_env_CC_value=
ac_cv_env_CFLAGS_set=
ac_cv_env_CFLAGS_value=
ac_cv_env_CPPFLAGS_set=
ac_cv_env_CPPFLAGS_value=
ac_cv_env_CXXFLAGS_set=
ac_cv_env_CXXFLAGS_value=
ac_cv_env_CXX_set=
ac_cv_env_CXX_value=
ac_cv_env_LDFLAGS_set=
ac_cv_env_LDFLAGS_value=
ac_cv_env_LIBS_set=
ac_cv_env_LIBS_value=
ac_cv_env_PERL_set=
ac_cv_env_PERL_value=
ac_cv_env_PYTHON3_set=
ac_cv_env_PYTHON3_value=
ac_cv_env_SWIG_set=
ac_cv_env_SWIG_value=
ac_cv_env_YACC_set=
ac_cv_env_YACC_value=
ac_cv_env_YFLAGS_set=
ac_cv_env_YFLAGS_value=
ac_cv_env_build_alias_set=
ac_cv_env_build_alias_value=
ac_cv_env_host_alias_set=
ac_cv_env_host_alias_value=
ac_cv_env_target_alias_set=
ac_cv_env_target_alias_value=

## ----------------- ##
## Output variables. ##
## ----------------- ##

AKAROA_CFLAGS=''
AKAROA_LIBS=''
ARCH=''
ARFLAG_OUT=''
AR_CR=''
AS=''
AS_NEEDED_OFF=''
AS_NEEDED_ON=''
A_LIB_SUFFIX=''
CC=''
CFLAGS=''
CFLAGS_DEBUG=''
CFLAGS_RELEASE=''
CPPFLAGS=''
CXX=''
CXXFLAGS=''
DEFINES=''
DEFS=''
DLLTOOL=''
DLL_LIB_SUFFIX=''
ECHO_C=''
ECHO_N='-n'
ECHO_T=''
EXEEXT=''
EXE_SUFFIX=''
HAVE_DLOPEN=''
IMPDEF_SUFFIX=''
IMPLIB_SUFFIX=''
JNI_LIB_SUFFIX=''
LDFLAGS=''
LDFLAG_IMPDEF=''
LDFLAG_IMPLIB=''
LDFLAG_INCLUDE=''
LDFLAG_LIB=''
LDFLAG_LIBPATH=''
LEX=''
LEXLIB=''
LEX_OUTPUT_ROOT=''
LIBOBJS=''
LIBS=''
LIBXML_CFLAGS=''
LIBXML_LIBS=''
LIB_PREFIX=''
LN=''
LTLIBOBJS=''
MAKE=''
MKPATH=''
MOC=''
MPICPP=''
MPICXX=''
MPI_CFLAGS=''
MPI_LIBS=''
MSGC=''
NEDTOOL=''
OBJEXT=''
OMNETPP_BUILDID='220413-71d8fab425'
OMNETPP_EDITION='Academic Public License -- NOT FOR COMMERCIAL USE'
OMNETPP_PRODUCT='OMNeT++'
OMNETPP_RELEASE='omnetpp-6.0'
OMNETPP_VERSION='6.0'
OPENMP_CXXFLAGS=''
OPENMP_FLAGS=''
OSGEARTH_CFLAGS=''
OSGEARTH_LIBS=''
OSG_CFLAGS=''
OSG_LIBS=''
PACKAGE_BUGREPORT=''
PACKAGE_NAME=''
PACKAGE_STRING=''
PACKAGE_TARNAME=''
PACKAGE_URL=''
PACKAGE_VERSION=''
PATH_SEPARATOR=':'
PERL=''
PIC_FLAGS=''
PLATFORM=''
PREFER_SQLITE_RESULT_FILES=''
PTHREAD_CFLAGS=''
PTHREAD_LIBS=''
PYTHON3=''
QMAKE=''
QTENV_LDFLAGS=''
QT_CFLAGS=''
QT_LIBS=''
RANLIB=''
RCC=''
SANITIZE_FLAGS=''
SHARED_LIBS=''
SHARED_LIB_SUFFIX=''
SHELL='/bin/sh'
SHLIB_LD=''
SHLIB_POSTPROCESS=''
SO_LIB_SUFFIX=''
STRIP=''
SWIG=''
SYS_LIBS=''
TOOLCHAIN_NAME=''
UIC=''
WHOLE_ARCHIVE_OFF=''
WHOLE_ARCHIVE_ON=''
WITH_AKAROA=''
WITH_LIBXML=''
WITH_NETBUILDER=''
WITH_OSG=''
WITH_OSGEARTH=''
WITH_PARSIM=''
WITH_QTENV=''
WITH_SYSTEMC=''
YACC=''
YFLAGS=''
ZLIB_CFLAGS=''
ZLIB_LIBS=''
ac_ct_CC=''
ac_ct_CXX=''
bindir='${exec_prefix}/bin'
build=''
build_alias=''
build_cpu=''
build_os=''
build_vendor=''
datadir='${datarootdir}'
datarootdir='${prefix}/share'
docdir='${datarootdir}/doc/${PACKAGE}'
dvidir='${docdir}'
exec_prefix='NONE'
host=''
host_alias=''
host_cpu=''
host_os=''
host_vendor=''
htmldir='${docdir}'
includedir='${prefix}/include'
infodir='${datarootdir}/info'
libdir='${exec_prefix}/lib'
libexecdir='${exec_prefix}/libexec'
localedir='${datarootdir}/locale'
localstatedir='${prefix}/var'
mandir='${datarootdir}/man'
oldincludedir='/usr/include'
pdfdir='${docdir}'
prefix='NONE'
program_transform_name='s,x,x,'
psdir='${docdir}'
runstatedir='${localstatedir}/run'
sbindir='${exec_prefix}/sbin'
sharedstatedir='${prefix}/com'
sysconfdir='${prefix}/etc'
target_alias=''
tmp_CXX=''

## ----------- ##
## confdefs.h. ##
## ----------- ##

/* confdefs.h */
#define PACKAGE_NAME ""
#define PACKAGE_TARNAME ""
#define PACKAGE_VERSION ""
#define PACKAGE_STRING ""
#define PACKAGE_BUGREPORT ""
#define PACKAGE_URL ""

configure: exit 1
